# HELP spring_integration_sources The number of message sources
# TYPE spring_integration_sources gauge
spring_integration_sources 0.0
# HELP tomcat_sessions_expired_total  
# TYPE tomcat_sessions_expired_total counter
tomcat_sessions_expired_total 0.0
# HELP mq:deQueued  
# TYPE mq:deQueued gauge
mq:deQueued{cluster="",queueManagerName="TSTQPD01",queueName="AUTO.QUEUE.01",queueType="Local",usage="Normal",} 0.0
mq:deQueued{cluster="",queueManagerName="TSTQPD01",queueName="BACKOUT.IN",queueType="Local",usage="Normal",} 0.0
mq:deQueued{cluster="",queueManagerName="TSTQPD01",queueName="BACKOUT.IN.BO",queueType="Local",usage="Normal",} 0.0
mq:deQueued{cluster="",queueManagerName="TSTQPD01",queueName="DEAD.LETTER.QUEUE",queueType="Local",usage="Normal",} 0.0
mq:deQueued{cluster="",queueManagerName="TSTQPD01",queueName="DEMO.REPLY",queueType="Local",usage="Normal",} 0.0
mq:deQueued{cluster="",queueManagerName="TSTQPD01",queueName="DEMO.REQ",queueType="Local",usage="Normal",} 0.0
mq:deQueued{cluster="",queueManagerName="TSTQPD01",queueName="ERIK",queueType="Local",usage="Normal",} 0.0
mq:deQueued{cluster="",queueManagerName="TSTQPD01",queueName="ERIK_MICK",queueType="Local",usage="Normal",} 0.0
mq:deQueued{cluster="",queueManagerName="TSTQPD01",queueName="IIB.ALL.STATS",queueType="Local",usage="Normal",} 0.0
mq:deQueued{cluster="",queueManagerName="TSTQPD01",queueName="IIB.ARCHIVE.STATS",queueType="Local",usage="Normal",} 0.0
mq:deQueued{cluster="",queueManagerName="TSTQPD01",queueName="IIB.FLOWSTATS",queueType="Local",usage="Normal",} 0.0
mq:deQueued{cluster="",queueManagerName="TSTQPD01",queueName="IIB.FLOWSTATS.ARCH",queueType="Local",usage="Normal",} 0.0
mq:deQueued{cluster="",queueManagerName="TSTQPD01",queueName="IIB.FLOWSTATS.SNAP.0001",queueType="Local",usage="Normal",} 0.0
mq:deQueued{cluster="",queueManagerName="TSTQPD01",queueName="IIB.METRICS",queueType="Local",usage="Normal",} 0.0
mq:deQueued{cluster="",queueManagerName="TSTQPD01",queueName="IIB.METRICS.EGMQ",queueType="Local",usage="Normal",} 0.0
mq:deQueued{cluster="",queueManagerName="TSTQPD01",queueName="IIB.MONITORING.EVENTS",queueType="Local",usage="Normal",} 0.0
mq:deQueued{cluster="",queueManagerName="TSTQPD01",queueName="IIB.SNAPSHOT.STATS",queueType="Local",usage="Normal",} 0.0
mq:deQueued{cluster="",queueManagerName="TSTQPD01",queueName="IIB.STATEQ",queueType="Local",usage="Normal",} 0.0
mq:deQueued{cluster="",queueManagerName="TSTQPD01",queueName="IIB.STATS",queueType="Local",usage="Normal",} 0.0
mq:deQueued{cluster="",queueManagerName="TSTQPD01",queueName="IIB.STATS.0001",queueType="Local",usage="Normal",} 0.0
mq:deQueued{cluster="",queueManagerName="TSTQPD01",queueName="JSON.STREAM.IN",queueType="Local",usage="Normal",} 0.0
mq:deQueued{cluster="",queueManagerName="TSTQPD01",queueName="JUSTIN",queueType="Local",usage="Normal",} 0.0
mq:deQueued{cluster="",queueManagerName="TSTQPD01",queueName="KAFKA.GLEO.EVENT",queueType="Local",usage="Normal",} 0.0
mq:deQueued{cluster="",queueManagerName="TSTQPD01",queueName="KAFKA.IN",queueType="Local",usage="Normal",} 0.0
mq:deQueued{cluster="",queueManagerName="TSTQPD01",queueName="KAFKA.MJM",queueType="Local",usage="Normal",} 0.0
mq:deQueued{cluster="",queueManagerName="TSTQPD01",queueName="KAFKA.RESPONSE",queueType="Local",usage="Normal",} 0.0
mq:deQueued{cluster="",queueManagerName="TSTQPD01",queueName="KAFKA.SEND.EVENTS",queueType="Local",usage="Normal",} 0.0
mq:deQueued{cluster="",queueManagerName="TSTQPD01",queueName="KAFKA.SUCCESS.EVENTS",queueType="Local",usage="Normal",} 0.0
mq:deQueued{cluster="",queueManagerName="TSTQPD01",queueName="KAFKA.TEST.IN",queueType="Local",usage="Normal",} 0.0
mq:deQueued{cluster="",queueManagerName="TSTQPD01",queueName="KAFKA.TEST.REQ",queueType="Local",usage="Normal",} 0.0
mq:deQueued{cluster="",queueManagerName="TSTQPD01",queueName="MJM.IN",queueType="Local",usage="Normal",} 0.0
mq:deQueued{cluster="",queueManagerName="TSTQPD01",queueName="MJM.OUT",queueType="Local",usage="Normal",} 0.0
mq:deQueued{cluster="",queueManagerName="TSTQPD01",queueName="MJM.TEST",queueType="Local",usage="Normal",} 0.0
mq:deQueued{cluster="",queueManagerName="TSTQPD01",queueName="MQIPT",queueType="Local",usage="Normal",} 0.0
mq:deQueued{cluster="",queueManagerName="TSTQPD01",queueName="PERSISTANT.EXAMPLE",queueType="Local",usage="Normal",} 0.0
mq:deQueued{cluster="",queueManagerName="TSTQPD01",queueName="PUBSUB.TEST",queueType="Local",usage="Normal",} 0.0
mq:deQueued{cluster="",queueManagerName="TSTQPD01",queueName="SERVICE.ERROR",queueType="Local",usage="Normal",} 0.0
mq:deQueued{cluster="",queueManagerName="TSTQPD01",queueName="SERVICEA.DESTA",queueType="Local",usage="Normal",} 0.0
mq:deQueued{cluster="",queueManagerName="TSTQPD01",queueName="SERVICEA.DESTB",queueType="Local",usage="Normal",} 0.0
mq:deQueued{cluster="",queueManagerName="TSTQPD01",queueName="SERVICEA.DESTC",queueType="Local",usage="Normal",} 0.0
mq:deQueued{cluster="",queueManagerName="TSTQPD01",queueName="SERVICEA.DIST",queueType="Local",usage="Normal",} 0.0
mq:deQueued{cluster="",queueManagerName="TSTQPD01",queueName="SERVICEA.ERROR",queueType="Local",usage="Normal",} 0.0
mq:deQueued{cluster="",queueManagerName="TSTQPD01",queueName="SERVICEA.QMAP01",queueType="Local",usage="Normal",} 0.0
mq:deQueued{cluster="",queueManagerName="TSTQPD01",queueName="SERVICEA.QMAP02",queueType="Local",usage="Normal",} 0.0
mq:deQueued{cluster="",queueManagerName="TSTQPD01",queueName="TEST_QUEUE3",queueType="Local",usage="Normal",} 0.0
mq:deQueued{cluster="",queueManagerName="TSTQPD01",queueName="TSTQPD01_Q1",queueType="Local",usage="Normal",} 0.0
mq:deQueued{cluster="",queueManagerName="TSTQPD01",queueName="TSTQPD02.XMITQ",queueType="Local",usage="Transmission",} 0.0
# HELP mq:channelStatus  
# TYPE mq:channelStatus gauge
mq:channelStatus{channelName="KAFKA.SVRCONN",channelType="ServerConn",cluster="",queueManagerName="TSTQPD01",} 0.0
mq:channelStatus{channelName="MQ.MONITOR.SSL",channelType="ServerConn",cluster="",queueManagerName="TSTQPD01",} 3.0
mq:channelStatus{channelName="MQ.MONITOR.SVRCONN",channelType="ServerConn",cluster="",queueManagerName="TSTQPD01",} 0.0
mq:channelStatus{channelName="MQ.TEST.SVRCONN",channelType="ServerConn",cluster="",queueManagerName="TSTQPD01",} 0.0
mq:channelStatus{channelName="TO.TSTQPD01",channelType="Receiver",cluster="",queueManagerName="TSTQPD01",} 0.0
mq:channelStatus{channelName="TO.TSTQPD02",channelType="Sender",cluster="",queueManagerName="TSTQPD01",} 0.0
mq:channelStatus{channelName="X",channelType="ServerConn",cluster="",queueManagerName="TSTQPD01",} 0.0
mq:channelStatus{channelName="APP01.DEMOA.SVRCONN",channelType="ClientConn",cluster="",queueManagerName="TSTQPD01",} 0.0
mq:channelStatus{channelName="APP01.REPLY.SVRCONN",channelType="ClientConn",cluster="",queueManagerName="TSTQPD01",} 0.0
mq:channelStatus{channelName="APP02.DEMOA.SVRCONN",channelType="ClientConn",cluster="",queueManagerName="TSTQPD01",} 0.0
mq:channelStatus{channelName="APP02.DEMOB.SVRCONN",channelType="ClientConn",cluster="",queueManagerName="TSTQPD01",} 0.0
# HELP mq:messagesReceived  
# TYPE mq:messagesReceived gauge
mq:messagesReceived{channelName="KAFKA.SVRCONN",channelType="ServerConn",cluster="",queueManagerName="TSTQPD01",} 0.0
mq:messagesReceived{channelName="MQ.MONITOR.SSL",channelType="ServerConn",cluster="",queueManagerName="TSTQPD01",} 897268.0
mq:messagesReceived{channelName="MQ.MONITOR.SVRCONN",channelType="ServerConn",cluster="",queueManagerName="TSTQPD01",} 0.0
mq:messagesReceived{channelName="MQ.TEST.SVRCONN",channelType="ServerConn",cluster="",queueManagerName="TSTQPD01",} 0.0
mq:messagesReceived{channelName="TO.TSTQPD01",channelType="Receiver",cluster="",queueManagerName="TSTQPD01",} 0.0
mq:messagesReceived{channelName="TO.TSTQPD02",channelType="Sender",cluster="",queueManagerName="TSTQPD01",} 0.0
mq:messagesReceived{channelName="X",channelType="ServerConn",cluster="",queueManagerName="TSTQPD01",} 0.0
mq:messagesReceived{channelName="APP01.DEMOA.SVRCONN",channelType="ClientConn",cluster="",queueManagerName="TSTQPD01",} 0.0
mq:messagesReceived{channelName="APP01.REPLY.SVRCONN",channelType="ClientConn",cluster="",queueManagerName="TSTQPD01",} 0.0
mq:messagesReceived{channelName="APP02.DEMOA.SVRCONN",channelType="ClientConn",cluster="",queueManagerName="TSTQPD01",} 0.0
mq:messagesReceived{channelName="APP02.DEMOB.SVRCONN",channelType="ClientConn",cluster="",queueManagerName="TSTQPD01",} 0.0
# HELP tomcat_servlet_request_max_seconds  
# TYPE tomcat_servlet_request_max_seconds gauge
tomcat_servlet_request_max_seconds{name="default",} 0.0
# HELP http_server_requests_seconds  
# TYPE http_server_requests_seconds summary
http_server_requests_seconds_count{exception="None",method="GET",status="200",uri="/actuator/prometheus",} 17.0
http_server_requests_seconds_sum{exception="None",method="GET",status="200",uri="/actuator/prometheus",} 2.2176483
# HELP http_server_requests_seconds_max  
# TYPE http_server_requests_seconds_max gauge
http_server_requests_seconds_max{exception="None",method="GET",status="200",uri="/actuator/prometheus",} 1.3339231
# HELP mq:bytesSent  
# TYPE mq:bytesSent gauge
mq:bytesSent{channelName="KAFKA.SVRCONN",channelType="ServerConn",cluster="",queueManagerName="TSTQPD01",} 0.0
mq:bytesSent{channelName="MQ.MONITOR.SSL",channelType="ServerConn",cluster="",queueManagerName="TSTQPD01",} 1.127770148E9
mq:bytesSent{channelName="MQ.MONITOR.SVRCONN",channelType="ServerConn",cluster="",queueManagerName="TSTQPD01",} 0.0
mq:bytesSent{channelName="MQ.TEST.SVRCONN",channelType="ServerConn",cluster="",queueManagerName="TSTQPD01",} 0.0
mq:bytesSent{channelName="TO.TSTQPD01",channelType="Receiver",cluster="",queueManagerName="TSTQPD01",} 0.0
mq:bytesSent{channelName="TO.TSTQPD02",channelType="Sender",cluster="",queueManagerName="TSTQPD01",} 0.0
mq:bytesSent{channelName="X",channelType="ServerConn",cluster="",queueManagerName="TSTQPD01",} 0.0
mq:bytesSent{channelName="APP01.DEMOA.SVRCONN",channelType="ClientConn",cluster="",queueManagerName="TSTQPD01",} 0.0
mq:bytesSent{channelName="APP01.REPLY.SVRCONN",channelType="ClientConn",cluster="",queueManagerName="TSTQPD01",} 0.0
mq:bytesSent{channelName="APP02.DEMOA.SVRCONN",channelType="ClientConn",cluster="",queueManagerName="TSTQPD01",} 0.0
mq:bytesSent{channelName="APP02.DEMOB.SVRCONN",channelType="ClientConn",cluster="",queueManagerName="TSTQPD01",} 0.0
# HELP tomcat_sessions_rejected_total  
# TYPE tomcat_sessions_rejected_total counter
tomcat_sessions_rejected_total 0.0
# HELP tomcat_global_received_bytes_total  
# TYPE tomcat_global_received_bytes_total counter
tomcat_global_received_bytes_total{name="http-nio-8103",} 0.0
# HELP system_cpu_usage The "recent cpu usage" for the whole system
# TYPE system_cpu_usage gauge
system_cpu_usage 0.319069592393337
# HELP tomcat_servlet_request_seconds  
# TYPE tomcat_servlet_request_seconds summary
tomcat_servlet_request_seconds_count{name="default",} 0.0
tomcat_servlet_request_seconds_sum{name="default",} 0.0
# HELP jvm_memory_used_bytes The amount of used memory
# TYPE jvm_memory_used_bytes gauge
jvm_memory_used_bytes{area="nonheap",id="CodeHeap 'non-nmethods'",} 1255936.0
jvm_memory_used_bytes{area="nonheap",id="Metaspace",} 6.118532E7
jvm_memory_used_bytes{area="nonheap",id="CodeHeap 'profiled nmethods'",} 1.9044224E7
jvm_memory_used_bytes{area="nonheap",id="Compressed Class Space",} 7105960.0
jvm_memory_used_bytes{area="heap",id="G1 Eden Space",} 5.6623104E7
jvm_memory_used_bytes{area="heap",id="G1 Old Gen",} 2.3956384E7
jvm_memory_used_bytes{area="heap",id="G1 Survivor Space",} 9437184.0
jvm_memory_used_bytes{area="nonheap",id="CodeHeap 'non-profiled nmethods'",} 4937216.0
# HELP tomcat_global_request_seconds  
# TYPE tomcat_global_request_seconds summary
tomcat_global_request_seconds_count{name="http-nio-8103",} 17.0
tomcat_global_request_seconds_sum{name="http-nio-8103",} 2.525
# HELP mq:resetIterations  
# TYPE mq:resetIterations gauge
mq:resetIterations{queueManagerName="TSTQPD01",} 10000.0
# HELP tomcat_global_sent_bytes_total  
# TYPE tomcat_global_sent_bytes_total counter
tomcat_global_sent_bytes_total{name="http-nio-8103",} 822055.0
# HELP tomcat_global_error_total  
# TYPE tomcat_global_error_total counter
tomcat_global_error_total{name="http-nio-8103",} 0.0
# HELP mq:openOutputCount  
# TYPE mq:openOutputCount gauge
mq:openOutputCount{cluster="",queueManagerName="TSTQPD01",queueName="AUTO.QUEUE.01",queueType="Local",usage="Normal",} 0.0
mq:openOutputCount{cluster="",queueManagerName="TSTQPD01",queueName="BACKOUT.IN",queueType="Local",usage="Normal",} 0.0
mq:openOutputCount{cluster="",queueManagerName="TSTQPD01",queueName="BACKOUT.IN.BO",queueType="Local",usage="Normal",} 0.0
mq:openOutputCount{cluster="",queueManagerName="TSTQPD01",queueName="DEAD.LETTER.QUEUE",queueType="Local",usage="Normal",} 0.0
mq:openOutputCount{cluster="",queueManagerName="TSTQPD01",queueName="DEMO.REPLY",queueType="Local",usage="Normal",} 0.0
mq:openOutputCount{cluster="",queueManagerName="TSTQPD01",queueName="DEMO.REQ",queueType="Local",usage="Normal",} 0.0
mq:openOutputCount{cluster="",queueManagerName="TSTQPD01",queueName="ERIK",queueType="Local",usage="Normal",} 0.0
mq:openOutputCount{cluster="",queueManagerName="TSTQPD01",queueName="ERIK_MICK",queueType="Local",usage="Normal",} 0.0
mq:openOutputCount{cluster="",queueManagerName="TSTQPD01",queueName="IIB.ALL.STATS",queueType="Local",usage="Normal",} 0.0
mq:openOutputCount{cluster="",queueManagerName="TSTQPD01",queueName="IIB.ARCHIVE.STATS",queueType="Local",usage="Normal",} 0.0
mq:openOutputCount{cluster="",queueManagerName="TSTQPD01",queueName="IIB.FLOWSTATS",queueType="Local",usage="Normal",} 0.0
mq:openOutputCount{cluster="",queueManagerName="TSTQPD01",queueName="IIB.FLOWSTATS.ARCH",queueType="Local",usage="Normal",} 0.0
mq:openOutputCount{cluster="",queueManagerName="TSTQPD01",queueName="IIB.FLOWSTATS.SNAP.0001",queueType="Local",usage="Normal",} 0.0
mq:openOutputCount{cluster="",queueManagerName="TSTQPD01",queueName="IIB.METRICS",queueType="Local",usage="Normal",} 0.0
mq:openOutputCount{cluster="",queueManagerName="TSTQPD01",queueName="IIB.METRICS.EGMQ",queueType="Local",usage="Normal",} 0.0
mq:openOutputCount{cluster="",queueManagerName="TSTQPD01",queueName="IIB.MONITORING.EVENTS",queueType="Local",usage="Normal",} 0.0
mq:openOutputCount{cluster="",queueManagerName="TSTQPD01",queueName="IIB.SNAPSHOT.STATS",queueType="Local",usage="Normal",} 0.0
mq:openOutputCount{cluster="",queueManagerName="TSTQPD01",queueName="IIB.STATEQ",queueType="Local",usage="Normal",} 0.0
mq:openOutputCount{cluster="",queueManagerName="TSTQPD01",queueName="IIB.STATS",queueType="Local",usage="Normal",} 0.0
mq:openOutputCount{cluster="",queueManagerName="TSTQPD01",queueName="IIB.STATS.0001",queueType="Local",usage="Normal",} 0.0
mq:openOutputCount{cluster="",queueManagerName="TSTQPD01",queueName="JSON.STREAM.IN",queueType="Local",usage="Normal",} 0.0
mq:openOutputCount{cluster="",queueManagerName="TSTQPD01",queueName="JUSTIN",queueType="Local",usage="Normal",} 0.0
mq:openOutputCount{cluster="",queueManagerName="TSTQPD01",queueName="KAFKA.GLEO.EVENT",queueType="Local",usage="Normal",} 0.0
mq:openOutputCount{cluster="",queueManagerName="TSTQPD01",queueName="KAFKA.IN",queueType="Local",usage="Normal",} 0.0
mq:openOutputCount{cluster="",queueManagerName="TSTQPD01",queueName="KAFKA.MJM",queueType="Local",usage="Normal",} 0.0
mq:openOutputCount{cluster="",queueManagerName="TSTQPD01",queueName="KAFKA.RESPONSE",queueType="Local",usage="Normal",} 0.0
mq:openOutputCount{cluster="",queueManagerName="TSTQPD01",queueName="KAFKA.SEND.EVENTS",queueType="Local",usage="Normal",} 0.0
mq:openOutputCount{cluster="",queueManagerName="TSTQPD01",queueName="KAFKA.SUCCESS.EVENTS",queueType="Local",usage="Normal",} 0.0
mq:openOutputCount{cluster="",queueManagerName="TSTQPD01",queueName="KAFKA.TEST.IN",queueType="Local",usage="Normal",} 0.0
mq:openOutputCount{cluster="",queueManagerName="TSTQPD01",queueName="KAFKA.TEST.REQ",queueType="Local",usage="Normal",} 0.0
mq:openOutputCount{cluster="",queueManagerName="TSTQPD01",queueName="MJM.IN",queueType="Local",usage="Normal",} 0.0
mq:openOutputCount{cluster="",queueManagerName="TSTQPD01",queueName="MJM.OUT",queueType="Local",usage="Normal",} 0.0
mq:openOutputCount{cluster="",queueManagerName="TSTQPD01",queueName="MJM.TEST",queueType="Local",usage="Normal",} 0.0
mq:openOutputCount{cluster="",queueManagerName="TSTQPD01",queueName="MQIPT",queueType="Local",usage="Normal",} 0.0
mq:openOutputCount{cluster="",queueManagerName="TSTQPD01",queueName="PERSISTANT.EXAMPLE",queueType="Local",usage="Normal",} 0.0
mq:openOutputCount{cluster="",queueManagerName="TSTQPD01",queueName="PUBSUB.TEST",queueType="Local",usage="Normal",} 0.0
mq:openOutputCount{cluster="",queueManagerName="TSTQPD01",queueName="SERVICE.ERROR",queueType="Local",usage="Normal",} 0.0
mq:openOutputCount{cluster="",queueManagerName="TSTQPD01",queueName="SERVICEA.DESTA",queueType="Local",usage="Normal",} 0.0
mq:openOutputCount{cluster="",queueManagerName="TSTQPD01",queueName="SERVICEA.DESTB",queueType="Local",usage="Normal",} 0.0
mq:openOutputCount{cluster="",queueManagerName="TSTQPD01",queueName="SERVICEA.DESTC",queueType="Local",usage="Normal",} 0.0
mq:openOutputCount{cluster="",queueManagerName="TSTQPD01",queueName="SERVICEA.DIST",queueType="Local",usage="Normal",} 0.0
mq:openOutputCount{cluster="",queueManagerName="TSTQPD01",queueName="SERVICEA.ERROR",queueType="Local",usage="Normal",} 0.0
mq:openOutputCount{cluster="",queueManagerName="TSTQPD01",queueName="SERVICEA.QMAP01",queueType="Local",usage="Normal",} 0.0
mq:openOutputCount{cluster="",queueManagerName="TSTQPD01",queueName="SERVICEA.QMAP02",queueType="Local",usage="Normal",} 0.0
mq:openOutputCount{cluster="",queueManagerName="TSTQPD01",queueName="TEST_QUEUE3",queueType="Local",usage="Normal",} 0.0
mq:openOutputCount{cluster="",queueManagerName="TSTQPD01",queueName="TSTQPD01_Q1",queueType="Local",usage="Normal",} 0.0
mq:openOutputCount{cluster="",queueManagerName="TSTQPD01",queueName="TSTQPD02.XMITQ",queueType="Local",usage="Transmission",} 0.0
# HELP process_uptime_seconds The uptime of the Java virtual machine
# TYPE process_uptime_seconds gauge
process_uptime_seconds 95.039
# HELP jvm_classes_unloaded_total The total number of classes unloaded since the Java virtual machine has started execution
# TYPE jvm_classes_unloaded_total counter
jvm_classes_unloaded_total 0.0
# HELP jvm_buffer_memory_used_bytes An estimate of the memory that the Java virtual machine is using for this buffer pool
# TYPE jvm_buffer_memory_used_bytes gauge
jvm_buffer_memory_used_bytes{id="mapped",} 0.0
jvm_buffer_memory_used_bytes{id="direct",} 90128.0
# HELP process_start_time_seconds Start time of the process since unix epoch.
# TYPE process_start_time_seconds gauge
process_start_time_seconds 1.565181884811E9
# HELP mq:maxQueueDepth  
# TYPE mq:maxQueueDepth gauge
mq:maxQueueDepth{cluster="",queueManagerName="TSTQPD01",queueName="AUTO.QUEUE.01",queueType="Local",usage="Normal",} 5000.0
mq:maxQueueDepth{cluster="",queueManagerName="TSTQPD01",queueName="BACKOUT.IN",queueType="Local",usage="Normal",} 5000.0
mq:maxQueueDepth{cluster="",queueManagerName="TSTQPD01",queueName="BACKOUT.IN.BO",queueType="Local",usage="Normal",} 5000.0
mq:maxQueueDepth{cluster="",queueManagerName="TSTQPD01",queueName="DEAD.LETTER.QUEUE",queueType="Local",usage="Normal",} 9.99999999E8
mq:maxQueueDepth{cluster="",queueManagerName="TSTQPD01",queueName="DEMO.REPLY",queueType="Local",usage="Normal",} 5000.0
mq:maxQueueDepth{cluster="",queueManagerName="TSTQPD01",queueName="DEMO.REQ",queueType="Local",usage="Normal",} 5000.0
mq:maxQueueDepth{cluster="",queueManagerName="TSTQPD01",queueName="ERIK",queueType="Local",usage="Normal",} 5000.0
mq:maxQueueDepth{cluster="",queueManagerName="TSTQPD01",queueName="ERIK_MICK",queueType="Local",usage="Normal",} 5000.0
mq:maxQueueDepth{cluster="",queueManagerName="TSTQPD01",queueName="IIB.ALL.STATS",queueType="Local",usage="Normal",} 5000.0
mq:maxQueueDepth{cluster="",queueManagerName="TSTQPD01",queueName="IIB.ARCHIVE.STATS",queueType="Local",usage="Normal",} 5000.0
mq:maxQueueDepth{cluster="",queueManagerName="TSTQPD01",queueName="IIB.FLOWSTATS",queueType="Local",usage="Normal",} 5000.0
mq:maxQueueDepth{cluster="",queueManagerName="TSTQPD01",queueName="IIB.FLOWSTATS.ARCH",queueType="Local",usage="Normal",} 5000.0
mq:maxQueueDepth{cluster="",queueManagerName="TSTQPD01",queueName="IIB.FLOWSTATS.SNAP.0001",queueType="Local",usage="Normal",} 5000.0
mq:maxQueueDepth{cluster="",queueManagerName="TSTQPD01",queueName="IIB.METRICS",queueType="Local",usage="Normal",} 5000.0
mq:maxQueueDepth{cluster="",queueManagerName="TSTQPD01",queueName="IIB.METRICS.EGMQ",queueType="Local",usage="Normal",} 5000.0
mq:maxQueueDepth{cluster="",queueManagerName="TSTQPD01",queueName="IIB.MONITORING.EVENTS",queueType="Local",usage="Normal",} 5000.0
mq:maxQueueDepth{cluster="",queueManagerName="TSTQPD01",queueName="IIB.SNAPSHOT.STATS",queueType="Local",usage="Normal",} 5000.0
mq:maxQueueDepth{cluster="",queueManagerName="TSTQPD01",queueName="IIB.STATEQ",queueType="Local",usage="Normal",} 5000.0
mq:maxQueueDepth{cluster="",queueManagerName="TSTQPD01",queueName="IIB.STATS",queueType="Local",usage="Normal",} 5000.0
mq:maxQueueDepth{cluster="",queueManagerName="TSTQPD01",queueName="IIB.STATS.0001",queueType="Local",usage="Normal",} 5000.0
mq:maxQueueDepth{cluster="",queueManagerName="TSTQPD01",queueName="JSON.STREAM.IN",queueType="Local",usage="Normal",} 5000.0
mq:maxQueueDepth{cluster="",queueManagerName="TSTQPD01",queueName="JUSTIN",queueType="Local",usage="Normal",} 5000.0
mq:maxQueueDepth{cluster="",queueManagerName="TSTQPD01",queueName="KAFKA.GLEO.EVENT",queueType="Local",usage="Normal",} 15000.0
mq:maxQueueDepth{cluster="",queueManagerName="TSTQPD01",queueName="KAFKA.IN",queueType="Local",usage="Normal",} 5000.0
mq:maxQueueDepth{cluster="",queueManagerName="TSTQPD01",queueName="KAFKA.MJM",queueType="Local",usage="Normal",} 5000.0
mq:maxQueueDepth{cluster="",queueManagerName="TSTQPD01",queueName="KAFKA.RESPONSE",queueType="Local",usage="Normal",} 5000.0
mq:maxQueueDepth{cluster="",queueManagerName="TSTQPD01",queueName="KAFKA.SEND.EVENTS",queueType="Local",usage="Normal",} 15000.0
mq:maxQueueDepth{cluster="",queueManagerName="TSTQPD01",queueName="KAFKA.SUCCESS.EVENTS",queueType="Local",usage="Normal",} 5000.0
mq:maxQueueDepth{cluster="",queueManagerName="TSTQPD01",queueName="KAFKA.TEST.IN",queueType="Local",usage="Normal",} 5000.0
mq:maxQueueDepth{cluster="",queueManagerName="TSTQPD01",queueName="KAFKA.TEST.REQ",queueType="Local",usage="Normal",} 5000.0
mq:maxQueueDepth{cluster="",queueManagerName="TSTQPD01",queueName="MJM.IN",queueType="Local",usage="Normal",} 15000.0
mq:maxQueueDepth{cluster="",queueManagerName="TSTQPD01",queueName="MJM.OUT",queueType="Local",usage="Normal",} 15000.0
mq:maxQueueDepth{cluster="",queueManagerName="TSTQPD01",queueName="MJM.TEST",queueType="Local",usage="Normal",} 100000.0
mq:maxQueueDepth{cluster="",queueManagerName="TSTQPD01",queueName="MQIPT",queueType="Local",usage="Normal",} 5000.0
mq:maxQueueDepth{cluster="",queueManagerName="TSTQPD01",queueName="PERSISTANT.EXAMPLE",queueType="Local",usage="Normal",} 5000.0
mq:maxQueueDepth{cluster="",queueManagerName="TSTQPD01",queueName="PUBSUB.TEST",queueType="Local",usage="Normal",} 5000.0
mq:maxQueueDepth{cluster="",queueManagerName="TSTQPD01",queueName="SERVICE.ERROR",queueType="Local",usage="Normal",} 5000.0
mq:maxQueueDepth{cluster="",queueManagerName="TSTQPD01",queueName="SERVICEA.DESTA",queueType="Local",usage="Normal",} 5000.0
mq:maxQueueDepth{cluster="",queueManagerName="TSTQPD01",queueName="SERVICEA.DESTB",queueType="Local",usage="Normal",} 5000.0
mq:maxQueueDepth{cluster="",queueManagerName="TSTQPD01",queueName="SERVICEA.DESTC",queueType="Local",usage="Normal",} 5000.0
mq:maxQueueDepth{cluster="",queueManagerName="TSTQPD01",queueName="SERVICEA.DIST",queueType="Local",usage="Normal",} 5000.0
mq:maxQueueDepth{cluster="",queueManagerName="TSTQPD01",queueName="SERVICEA.ERROR",queueType="Local",usage="Normal",} 5000.0
mq:maxQueueDepth{cluster="",queueManagerName="TSTQPD01",queueName="SERVICEA.QMAP01",queueType="Local",usage="Normal",} 5000.0
mq:maxQueueDepth{cluster="",queueManagerName="TSTQPD01",queueName="SERVICEA.QMAP02",queueType="Local",usage="Normal",} 5000.0
mq:maxQueueDepth{cluster="",queueManagerName="TSTQPD01",queueName="TEST_QUEUE3",queueType="Local",usage="Normal",} 5000.0
mq:maxQueueDepth{cluster="",queueManagerName="TSTQPD01",queueName="TSTQPD01_Q1",queueType="Local",usage="Normal",} 5000.0
mq:maxQueueDepth{cluster="",queueManagerName="TSTQPD01",queueName="TSTQPD02.XMITQ",queueType="Local",usage="Transmission",} 5000.0
# HELP mq:queueDepth  
# TYPE mq:queueDepth gauge
mq:queueDepth{cluster="",queueManagerName="TSTQPD01",queueName="AUTO.QUEUE.01",queueType="Local",usage="Normal",} 0.0
mq:queueDepth{cluster="",queueManagerName="TSTQPD01",queueName="BACKOUT.IN",queueType="Local",usage="Normal",} 0.0
mq:queueDepth{cluster="",queueManagerName="TSTQPD01",queueName="BACKOUT.IN.BO",queueType="Local",usage="Normal",} 0.0
mq:queueDepth{cluster="",queueManagerName="TSTQPD01",queueName="DEAD.LETTER.QUEUE",queueType="Local",usage="Normal",} 0.0
mq:queueDepth{cluster="",queueManagerName="TSTQPD01",queueName="DEMO.REPLY",queueType="Local",usage="Normal",} 0.0
mq:queueDepth{cluster="",queueManagerName="TSTQPD01",queueName="DEMO.REQ",queueType="Local",usage="Normal",} 0.0
mq:queueDepth{cluster="",queueManagerName="TSTQPD01",queueName="ERIK",queueType="Local",usage="Normal",} 0.0
mq:queueDepth{cluster="",queueManagerName="TSTQPD01",queueName="ERIK_MICK",queueType="Local",usage="Normal",} 0.0
mq:queueDepth{cluster="",queueManagerName="TSTQPD01",queueName="IIB.ALL.STATS",queueType="Local",usage="Normal",} 0.0
mq:queueDepth{cluster="",queueManagerName="TSTQPD01",queueName="IIB.ARCHIVE.STATS",queueType="Local",usage="Normal",} 0.0
mq:queueDepth{cluster="",queueManagerName="TSTQPD01",queueName="IIB.FLOWSTATS",queueType="Local",usage="Normal",} 0.0
mq:queueDepth{cluster="",queueManagerName="TSTQPD01",queueName="IIB.FLOWSTATS.ARCH",queueType="Local",usage="Normal",} 0.0
mq:queueDepth{cluster="",queueManagerName="TSTQPD01",queueName="IIB.FLOWSTATS.SNAP.0001",queueType="Local",usage="Normal",} 0.0
mq:queueDepth{cluster="",queueManagerName="TSTQPD01",queueName="IIB.METRICS",queueType="Local",usage="Normal",} 0.0
mq:queueDepth{cluster="",queueManagerName="TSTQPD01",queueName="IIB.METRICS.EGMQ",queueType="Local",usage="Normal",} 0.0
mq:queueDepth{cluster="",queueManagerName="TSTQPD01",queueName="IIB.MONITORING.EVENTS",queueType="Local",usage="Normal",} 0.0
mq:queueDepth{cluster="",queueManagerName="TSTQPD01",queueName="IIB.SNAPSHOT.STATS",queueType="Local",usage="Normal",} 0.0
mq:queueDepth{cluster="",queueManagerName="TSTQPD01",queueName="IIB.STATEQ",queueType="Local",usage="Normal",} 0.0
mq:queueDepth{cluster="",queueManagerName="TSTQPD01",queueName="IIB.STATS",queueType="Local",usage="Normal",} 0.0
mq:queueDepth{cluster="",queueManagerName="TSTQPD01",queueName="IIB.STATS.0001",queueType="Local",usage="Normal",} 0.0
mq:queueDepth{cluster="",queueManagerName="TSTQPD01",queueName="JSON.STREAM.IN",queueType="Local",usage="Normal",} 0.0
mq:queueDepth{cluster="",queueManagerName="TSTQPD01",queueName="JUSTIN",queueType="Local",usage="Normal",} 0.0
mq:queueDepth{cluster="",queueManagerName="TSTQPD01",queueName="KAFKA.GLEO.EVENT",queueType="Local",usage="Normal",} 0.0
mq:queueDepth{cluster="",queueManagerName="TSTQPD01",queueName="KAFKA.IN",queueType="Local",usage="Normal",} 0.0
mq:queueDepth{cluster="",queueManagerName="TSTQPD01",queueName="KAFKA.MJM",queueType="Local",usage="Normal",} 0.0
mq:queueDepth{cluster="",queueManagerName="TSTQPD01",queueName="KAFKA.RESPONSE",queueType="Local",usage="Normal",} 0.0
mq:queueDepth{cluster="",queueManagerName="TSTQPD01",queueName="KAFKA.SEND.EVENTS",queueType="Local",usage="Normal",} 0.0
mq:queueDepth{cluster="",queueManagerName="TSTQPD01",queueName="KAFKA.SUCCESS.EVENTS",queueType="Local",usage="Normal",} 0.0
mq:queueDepth{cluster="",queueManagerName="TSTQPD01",queueName="KAFKA.TEST.IN",queueType="Local",usage="Normal",} 0.0
mq:queueDepth{cluster="",queueManagerName="TSTQPD01",queueName="KAFKA.TEST.REQ",queueType="Local",usage="Normal",} 0.0
mq:queueDepth{cluster="",queueManagerName="TSTQPD01",queueName="MJM.IN",queueType="Local",usage="Normal",} 0.0
mq:queueDepth{cluster="",queueManagerName="TSTQPD01",queueName="MJM.OUT",queueType="Local",usage="Normal",} 0.0
mq:queueDepth{cluster="",queueManagerName="TSTQPD01",queueName="MJM.TEST",queueType="Local",usage="Normal",} 0.0
mq:queueDepth{cluster="",queueManagerName="TSTQPD01",queueName="MQIPT",queueType="Local",usage="Normal",} 0.0
mq:queueDepth{cluster="",queueManagerName="TSTQPD01",queueName="PERSISTANT.EXAMPLE",queueType="Local",usage="Normal",} 0.0
mq:queueDepth{cluster="",queueManagerName="TSTQPD01",queueName="PUBSUB.TEST",queueType="Local",usage="Normal",} 0.0
mq:queueDepth{cluster="",queueManagerName="TSTQPD01",queueName="SERVICE.ERROR",queueType="Local",usage="Normal",} 0.0
mq:queueDepth{cluster="",queueManagerName="TSTQPD01",queueName="SERVICEA.DESTA",queueType="Local",usage="Normal",} 0.0
mq:queueDepth{cluster="",queueManagerName="TSTQPD01",queueName="SERVICEA.DESTB",queueType="Local",usage="Normal",} 0.0
mq:queueDepth{cluster="",queueManagerName="TSTQPD01",queueName="SERVICEA.DESTC",queueType="Local",usage="Normal",} 0.0
mq:queueDepth{cluster="",queueManagerName="TSTQPD01",queueName="SERVICEA.DIST",queueType="Local",usage="Normal",} 0.0
mq:queueDepth{cluster="",queueManagerName="TSTQPD01",queueName="SERVICEA.ERROR",queueType="Local",usage="Normal",} 0.0
mq:queueDepth{cluster="",queueManagerName="TSTQPD01",queueName="SERVICEA.QMAP01",queueType="Local",usage="Normal",} 0.0
mq:queueDepth{cluster="",queueManagerName="TSTQPD01",queueName="SERVICEA.QMAP02",queueType="Local",usage="Normal",} 0.0
mq:queueDepth{cluster="",queueManagerName="TSTQPD01",queueName="TEST_QUEUE3",queueType="Local",usage="Normal",} 0.0
mq:queueDepth{cluster="",queueManagerName="TSTQPD01",queueName="TSTQPD01_Q1",queueType="Local",usage="Normal",} 0.0
mq:queueDepth{cluster="",queueManagerName="TSTQPD01",queueName="TSTQPD02.XMITQ",queueType="Local",usage="Transmission",} 0.0
# HELP jvm_threads_daemon The current number of live daemon threads
# TYPE jvm_threads_daemon gauge
jvm_threads_daemon 25.0
# HELP tomcat_servlet_error_total  
# TYPE tomcat_servlet_error_total counter
tomcat_servlet_error_total{name="default",} 0.0
# HELP jvm_memory_max_bytes The maximum amount of memory in bytes that can be used for memory management
# TYPE jvm_memory_max_bytes gauge
jvm_memory_max_bytes{area="nonheap",id="CodeHeap 'non-nmethods'",} 5832704.0
jvm_memory_max_bytes{area="nonheap",id="Metaspace",} -1.0
jvm_memory_max_bytes{area="nonheap",id="CodeHeap 'profiled nmethods'",} 1.2288E8
jvm_memory_max_bytes{area="nonheap",id="Compressed Class Space",} 1.073741824E9
jvm_memory_max_bytes{area="heap",id="G1 Eden Space",} -1.0
jvm_memory_max_bytes{area="heap",id="G1 Old Gen",} 2.12860928E9
jvm_memory_max_bytes{area="heap",id="G1 Survivor Space",} -1.0
jvm_memory_max_bytes{area="nonheap",id="CodeHeap 'non-profiled nmethods'",} 1.22945536E8
# HELP jvm_classes_loaded The number of classes that are currently loaded in the Java virtual machine
# TYPE jvm_classes_loaded gauge
jvm_classes_loaded 10656.0
# HELP process_cpu_usage The "recent cpu usage" for the Java Virtual Machine process
# TYPE process_cpu_usage gauge
process_cpu_usage 0.01319007281269114
# HELP spring_integration_channels The number of message channels
# TYPE spring_integration_channels gauge
spring_integration_channels 2.0
# HELP tomcat_sessions_active_current  
# TYPE tomcat_sessions_active_current gauge
tomcat_sessions_active_current 0.0
# HELP tomcat_global_request_max_seconds  
# TYPE tomcat_global_request_max_seconds gauge
tomcat_global_request_max_seconds{name="http-nio-8103",} 1.582
# HELP tomcat_threads_config_max  
# TYPE tomcat_threads_config_max gauge
tomcat_threads_config_max{name="http-nio-8103",} 200.0
# HELP jvm_gc_memory_promoted_bytes_total Count of positive increases in the size of the old generation memory pool before GC to after GC
# TYPE jvm_gc_memory_promoted_bytes_total counter
jvm_gc_memory_promoted_bytes_total 0.0
# HELP jvm_gc_max_data_size_bytes Max size of old generation memory pool
# TYPE jvm_gc_max_data_size_bytes gauge
jvm_gc_max_data_size_bytes -1.0
# HELP tomcat_threads_busy  
# TYPE tomcat_threads_busy gauge
tomcat_threads_busy{name="http-nio-8103",} 1.0
# HELP tomcat_threads_current  
# TYPE tomcat_threads_current gauge
tomcat_threads_current{name="http-nio-8103",} 10.0
# HELP jvm_buffer_total_capacity_bytes An estimate of the total capacity of the buffers in this pool
# TYPE jvm_buffer_total_capacity_bytes gauge
jvm_buffer_total_capacity_bytes{id="mapped",} 0.0
jvm_buffer_total_capacity_bytes{id="direct",} 90128.0
# HELP tomcat_sessions_active_max  
# TYPE tomcat_sessions_active_max gauge
tomcat_sessions_active_max 0.0
# HELP mq:openInputCount  
# TYPE mq:openInputCount gauge
mq:openInputCount{cluster="",queueManagerName="TSTQPD01",queueName="AUTO.QUEUE.01",queueType="Local",usage="Normal",} 0.0
mq:openInputCount{cluster="",queueManagerName="TSTQPD01",queueName="BACKOUT.IN",queueType="Local",usage="Normal",} 0.0
mq:openInputCount{cluster="",queueManagerName="TSTQPD01",queueName="BACKOUT.IN.BO",queueType="Local",usage="Normal",} 0.0
mq:openInputCount{cluster="",queueManagerName="TSTQPD01",queueName="DEAD.LETTER.QUEUE",queueType="Local",usage="Normal",} 0.0
mq:openInputCount{cluster="",queueManagerName="TSTQPD01",queueName="DEMO.REPLY",queueType="Local",usage="Normal",} 0.0
mq:openInputCount{cluster="",queueManagerName="TSTQPD01",queueName="DEMO.REQ",queueType="Local",usage="Normal",} 0.0
mq:openInputCount{cluster="",queueManagerName="TSTQPD01",queueName="ERIK",queueType="Local",usage="Normal",} 0.0
mq:openInputCount{cluster="",queueManagerName="TSTQPD01",queueName="ERIK_MICK",queueType="Local",usage="Normal",} 0.0
mq:openInputCount{cluster="",queueManagerName="TSTQPD01",queueName="IIB.ALL.STATS",queueType="Local",usage="Normal",} 0.0
mq:openInputCount{cluster="",queueManagerName="TSTQPD01",queueName="IIB.ARCHIVE.STATS",queueType="Local",usage="Normal",} 0.0
mq:openInputCount{cluster="",queueManagerName="TSTQPD01",queueName="IIB.FLOWSTATS",queueType="Local",usage="Normal",} 0.0
mq:openInputCount{cluster="",queueManagerName="TSTQPD01",queueName="IIB.FLOWSTATS.ARCH",queueType="Local",usage="Normal",} 0.0
mq:openInputCount{cluster="",queueManagerName="TSTQPD01",queueName="IIB.FLOWSTATS.SNAP.0001",queueType="Local",usage="Normal",} 0.0
mq:openInputCount{cluster="",queueManagerName="TSTQPD01",queueName="IIB.METRICS",queueType="Local",usage="Normal",} 0.0
mq:openInputCount{cluster="",queueManagerName="TSTQPD01",queueName="IIB.METRICS.EGMQ",queueType="Local",usage="Normal",} 0.0
mq:openInputCount{cluster="",queueManagerName="TSTQPD01",queueName="IIB.MONITORING.EVENTS",queueType="Local",usage="Normal",} 0.0
mq:openInputCount{cluster="",queueManagerName="TSTQPD01",queueName="IIB.SNAPSHOT.STATS",queueType="Local",usage="Normal",} 0.0
mq:openInputCount{cluster="",queueManagerName="TSTQPD01",queueName="IIB.STATEQ",queueType="Local",usage="Normal",} 0.0
mq:openInputCount{cluster="",queueManagerName="TSTQPD01",queueName="IIB.STATS",queueType="Local",usage="Normal",} 0.0
mq:openInputCount{cluster="",queueManagerName="TSTQPD01",queueName="IIB.STATS.0001",queueType="Local",usage="Normal",} 0.0
mq:openInputCount{cluster="",queueManagerName="TSTQPD01",queueName="JSON.STREAM.IN",queueType="Local",usage="Normal",} 0.0
mq:openInputCount{cluster="",queueManagerName="TSTQPD01",queueName="JUSTIN",queueType="Local",usage="Normal",} 0.0
mq:openInputCount{cluster="",queueManagerName="TSTQPD01",queueName="KAFKA.GLEO.EVENT",queueType="Local",usage="Normal",} 0.0
mq:openInputCount{cluster="",queueManagerName="TSTQPD01",queueName="KAFKA.IN",queueType="Local",usage="Normal",} 0.0
mq:openInputCount{cluster="",queueManagerName="TSTQPD01",queueName="KAFKA.MJM",queueType="Local",usage="Normal",} 0.0
mq:openInputCount{cluster="",queueManagerName="TSTQPD01",queueName="KAFKA.RESPONSE",queueType="Local",usage="Normal",} 0.0
mq:openInputCount{cluster="",queueManagerName="TSTQPD01",queueName="KAFKA.SEND.EVENTS",queueType="Local",usage="Normal",} 0.0
mq:openInputCount{cluster="",queueManagerName="TSTQPD01",queueName="KAFKA.SUCCESS.EVENTS",queueType="Local",usage="Normal",} 0.0
mq:openInputCount{cluster="",queueManagerName="TSTQPD01",queueName="KAFKA.TEST.IN",queueType="Local",usage="Normal",} 0.0
mq:openInputCount{cluster="",queueManagerName="TSTQPD01",queueName="KAFKA.TEST.REQ",queueType="Local",usage="Normal",} 0.0
mq:openInputCount{cluster="",queueManagerName="TSTQPD01",queueName="MJM.IN",queueType="Local",usage="Normal",} 0.0
mq:openInputCount{cluster="",queueManagerName="TSTQPD01",queueName="MJM.OUT",queueType="Local",usage="Normal",} 0.0
mq:openInputCount{cluster="",queueManagerName="TSTQPD01",queueName="MJM.TEST",queueType="Local",usage="Normal",} 0.0
mq:openInputCount{cluster="",queueManagerName="TSTQPD01",queueName="MQIPT",queueType="Local",usage="Normal",} 1.0
mq:openInputCount{cluster="",queueManagerName="TSTQPD01",queueName="PERSISTANT.EXAMPLE",queueType="Local",usage="Normal",} 0.0
mq:openInputCount{cluster="",queueManagerName="TSTQPD01",queueName="PUBSUB.TEST",queueType="Local",usage="Normal",} 0.0
mq:openInputCount{cluster="",queueManagerName="TSTQPD01",queueName="SERVICE.ERROR",queueType="Local",usage="Normal",} 0.0
mq:openInputCount{cluster="",queueManagerName="TSTQPD01",queueName="SERVICEA.DESTA",queueType="Local",usage="Normal",} 0.0
mq:openInputCount{cluster="",queueManagerName="TSTQPD01",queueName="SERVICEA.DESTB",queueType="Local",usage="Normal",} 0.0
mq:openInputCount{cluster="",queueManagerName="TSTQPD01",queueName="SERVICEA.DESTC",queueType="Local",usage="Normal",} 0.0
mq:openInputCount{cluster="",queueManagerName="TSTQPD01",queueName="SERVICEA.DIST",queueType="Local",usage="Normal",} 0.0
mq:openInputCount{cluster="",queueManagerName="TSTQPD01",queueName="SERVICEA.ERROR",queueType="Local",usage="Normal",} 0.0
mq:openInputCount{cluster="",queueManagerName="TSTQPD01",queueName="SERVICEA.QMAP01",queueType="Local",usage="Normal",} 2.0
mq:openInputCount{cluster="",queueManagerName="TSTQPD01",queueName="SERVICEA.QMAP02",queueType="Local",usage="Normal",} 0.0
mq:openInputCount{cluster="",queueManagerName="TSTQPD01",queueName="TEST_QUEUE3",queueType="Local",usage="Normal",} 0.0
mq:openInputCount{cluster="",queueManagerName="TSTQPD01",queueName="TSTQPD01_Q1",queueType="Local",usage="Normal",} 0.0
mq:openInputCount{cluster="",queueManagerName="TSTQPD01",queueName="TSTQPD02.XMITQ",queueType="Local",usage="Transmission",} 0.0
# HELP jvm_buffer_count An estimate of the number of buffers in the pool
# TYPE jvm_buffer_count gauge
jvm_buffer_count{id="mapped",} 0.0
jvm_buffer_count{id="direct",} 12.0
# HELP mq:enQueued  
# TYPE mq:enQueued gauge
mq:enQueued{cluster="",queueManagerName="TSTQPD01",queueName="AUTO.QUEUE.01",queueType="Local",usage="Normal",} 0.0
mq:enQueued{cluster="",queueManagerName="TSTQPD01",queueName="BACKOUT.IN",queueType="Local",usage="Normal",} 0.0
mq:enQueued{cluster="",queueManagerName="TSTQPD01",queueName="BACKOUT.IN.BO",queueType="Local",usage="Normal",} 0.0
mq:enQueued{cluster="",queueManagerName="TSTQPD01",queueName="DEAD.LETTER.QUEUE",queueType="Local",usage="Normal",} 0.0
mq:enQueued{cluster="",queueManagerName="TSTQPD01",queueName="DEMO.REPLY",queueType="Local",usage="Normal",} 0.0
mq:enQueued{cluster="",queueManagerName="TSTQPD01",queueName="DEMO.REQ",queueType="Local",usage="Normal",} 0.0
mq:enQueued{cluster="",queueManagerName="TSTQPD01",queueName="ERIK",queueType="Local",usage="Normal",} 0.0
mq:enQueued{cluster="",queueManagerName="TSTQPD01",queueName="ERIK_MICK",queueType="Local",usage="Normal",} 0.0
mq:enQueued{cluster="",queueManagerName="TSTQPD01",queueName="IIB.ALL.STATS",queueType="Local",usage="Normal",} 0.0
mq:enQueued{cluster="",queueManagerName="TSTQPD01",queueName="IIB.ARCHIVE.STATS",queueType="Local",usage="Normal",} 0.0
mq:enQueued{cluster="",queueManagerName="TSTQPD01",queueName="IIB.FLOWSTATS",queueType="Local",usage="Normal",} 0.0
mq:enQueued{cluster="",queueManagerName="TSTQPD01",queueName="IIB.FLOWSTATS.ARCH",queueType="Local",usage="Normal",} 0.0
mq:enQueued{cluster="",queueManagerName="TSTQPD01",queueName="IIB.FLOWSTATS.SNAP.0001",queueType="Local",usage="Normal",} 0.0
mq:enQueued{cluster="",queueManagerName="TSTQPD01",queueName="IIB.METRICS",queueType="Local",usage="Normal",} 0.0
mq:enQueued{cluster="",queueManagerName="TSTQPD01",queueName="IIB.METRICS.EGMQ",queueType="Local",usage="Normal",} 0.0
mq:enQueued{cluster="",queueManagerName="TSTQPD01",queueName="IIB.MONITORING.EVENTS",queueType="Local",usage="Normal",} 0.0
mq:enQueued{cluster="",queueManagerName="TSTQPD01",queueName="IIB.SNAPSHOT.STATS",queueType="Local",usage="Normal",} 0.0
mq:enQueued{cluster="",queueManagerName="TSTQPD01",queueName="IIB.STATEQ",queueType="Local",usage="Normal",} 0.0
mq:enQueued{cluster="",queueManagerName="TSTQPD01",queueName="IIB.STATS",queueType="Local",usage="Normal",} 0.0
mq:enQueued{cluster="",queueManagerName="TSTQPD01",queueName="IIB.STATS.0001",queueType="Local",usage="Normal",} 0.0
mq:enQueued{cluster="",queueManagerName="TSTQPD01",queueName="JSON.STREAM.IN",queueType="Local",usage="Normal",} 0.0
mq:enQueued{cluster="",queueManagerName="TSTQPD01",queueName="JUSTIN",queueType="Local",usage="Normal",} 0.0
mq:enQueued{cluster="",queueManagerName="TSTQPD01",queueName="KAFKA.GLEO.EVENT",queueType="Local",usage="Normal",} 0.0
mq:enQueued{cluster="",queueManagerName="TSTQPD01",queueName="KAFKA.IN",queueType="Local",usage="Normal",} 0.0
mq:enQueued{cluster="",queueManagerName="TSTQPD01",queueName="KAFKA.MJM",queueType="Local",usage="Normal",} 0.0
mq:enQueued{cluster="",queueManagerName="TSTQPD01",queueName="KAFKA.RESPONSE",queueType="Local",usage="Normal",} 0.0
mq:enQueued{cluster="",queueManagerName="TSTQPD01",queueName="KAFKA.SEND.EVENTS",queueType="Local",usage="Normal",} 0.0
mq:enQueued{cluster="",queueManagerName="TSTQPD01",queueName="KAFKA.SUCCESS.EVENTS",queueType="Local",usage="Normal",} 0.0
mq:enQueued{cluster="",queueManagerName="TSTQPD01",queueName="KAFKA.TEST.IN",queueType="Local",usage="Normal",} 0.0
mq:enQueued{cluster="",queueManagerName="TSTQPD01",queueName="KAFKA.TEST.REQ",queueType="Local",usage="Normal",} 0.0
mq:enQueued{cluster="",queueManagerName="TSTQPD01",queueName="MJM.IN",queueType="Local",usage="Normal",} 0.0
mq:enQueued{cluster="",queueManagerName="TSTQPD01",queueName="MJM.OUT",queueType="Local",usage="Normal",} 0.0
mq:enQueued{cluster="",queueManagerName="TSTQPD01",queueName="MJM.TEST",queueType="Local",usage="Normal",} 0.0
mq:enQueued{cluster="",queueManagerName="TSTQPD01",queueName="MQIPT",queueType="Local",usage="Normal",} 0.0
mq:enQueued{cluster="",queueManagerName="TSTQPD01",queueName="PERSISTANT.EXAMPLE",queueType="Local",usage="Normal",} 0.0
mq:enQueued{cluster="",queueManagerName="TSTQPD01",queueName="PUBSUB.TEST",queueType="Local",usage="Normal",} 0.0
mq:enQueued{cluster="",queueManagerName="TSTQPD01",queueName="SERVICE.ERROR",queueType="Local",usage="Normal",} 0.0
mq:enQueued{cluster="",queueManagerName="TSTQPD01",queueName="SERVICEA.DESTA",queueType="Local",usage="Normal",} 0.0
mq:enQueued{cluster="",queueManagerName="TSTQPD01",queueName="SERVICEA.DESTB",queueType="Local",usage="Normal",} 0.0
mq:enQueued{cluster="",queueManagerName="TSTQPD01",queueName="SERVICEA.DESTC",queueType="Local",usage="Normal",} 0.0
mq:enQueued{cluster="",queueManagerName="TSTQPD01",queueName="SERVICEA.DIST",queueType="Local",usage="Normal",} 0.0
mq:enQueued{cluster="",queueManagerName="TSTQPD01",queueName="SERVICEA.ERROR",queueType="Local",usage="Normal",} 0.0
mq:enQueued{cluster="",queueManagerName="TSTQPD01",queueName="SERVICEA.QMAP01",queueType="Local",usage="Normal",} 0.0
mq:enQueued{cluster="",queueManagerName="TSTQPD01",queueName="SERVICEA.QMAP02",queueType="Local",usage="Normal",} 0.0
mq:enQueued{cluster="",queueManagerName="TSTQPD01",queueName="TEST_QUEUE3",queueType="Local",usage="Normal",} 0.0
mq:enQueued{cluster="",queueManagerName="TSTQPD01",queueName="TSTQPD01_Q1",queueType="Local",usage="Normal",} 0.0
mq:enQueued{cluster="",queueManagerName="TSTQPD01",queueName="TSTQPD02.XMITQ",queueType="Local",usage="Transmission",} 0.0
# HELP mq:lastGetDateTime  
# TYPE mq:lastGetDateTime gauge
mq:lastGetDateTime{cluster="",queueManagerName="TSTQPD01",queueName="IIB.METRICS",queueType="Local",type="timestamp",usage="Normal",} 1.564936261E9
mq:lastGetDateTime{cluster="",queueManagerName="TSTQPD01",queueName="IIB.METRICS.EGMQ",queueType="Local",type="timestamp",usage="Normal",} 1.564994833E9
# HELP jvm_memory_committed_bytes The amount of memory in bytes that is committed for the Java virtual machine to use
# TYPE jvm_memory_committed_bytes gauge
jvm_memory_committed_bytes{area="nonheap",id="CodeHeap 'non-nmethods'",} 2555904.0
jvm_memory_committed_bytes{area="nonheap",id="Metaspace",} 6.3045632E7
jvm_memory_committed_bytes{area="nonheap",id="CodeHeap 'profiled nmethods'",} 1.9136512E7
jvm_memory_committed_bytes{area="nonheap",id="Compressed Class Space",} 7733248.0
jvm_memory_committed_bytes{area="heap",id="G1 Eden Space",} 1.37363456E8
jvm_memory_committed_bytes{area="heap",id="G1 Old Gen",} 8.5983232E7
jvm_memory_committed_bytes{area="heap",id="G1 Survivor Space",} 9437184.0
jvm_memory_committed_bytes{area="nonheap",id="CodeHeap 'non-profiled nmethods'",} 4980736.0
# HELP tomcat_cache_access_total  
# TYPE tomcat_cache_access_total counter
tomcat_cache_access_total 0.0
# HELP mq:oldestMsgAge  
# TYPE mq:oldestMsgAge gauge
mq:oldestMsgAge{cluster="",queueManagerName="TSTQPD01",queueName="AUTO.QUEUE.01",queueType="Local",type="seconds",usage="Normal",} 0.0
mq:oldestMsgAge{cluster="",queueManagerName="TSTQPD01",queueName="BACKOUT.IN",queueType="Local",type="seconds",usage="Normal",} 0.0
mq:oldestMsgAge{cluster="",queueManagerName="TSTQPD01",queueName="BACKOUT.IN.BO",queueType="Local",type="seconds",usage="Normal",} 0.0
mq:oldestMsgAge{cluster="",queueManagerName="TSTQPD01",queueName="DEAD.LETTER.QUEUE",queueType="Local",type="seconds",usage="Normal",} 0.0
mq:oldestMsgAge{cluster="",queueManagerName="TSTQPD01",queueName="DEMO.REPLY",queueType="Local",type="seconds",usage="Normal",} 0.0
mq:oldestMsgAge{cluster="",queueManagerName="TSTQPD01",queueName="DEMO.REQ",queueType="Local",type="seconds",usage="Normal",} 0.0
mq:oldestMsgAge{cluster="",queueManagerName="TSTQPD01",queueName="ERIK",queueType="Local",type="seconds",usage="Normal",} 0.0
mq:oldestMsgAge{cluster="",queueManagerName="TSTQPD01",queueName="ERIK_MICK",queueType="Local",type="seconds",usage="Normal",} 0.0
mq:oldestMsgAge{cluster="",queueManagerName="TSTQPD01",queueName="IIB.ALL.STATS",queueType="Local",type="seconds",usage="Normal",} 0.0
mq:oldestMsgAge{cluster="",queueManagerName="TSTQPD01",queueName="IIB.ARCHIVE.STATS",queueType="Local",type="seconds",usage="Normal",} 0.0
mq:oldestMsgAge{cluster="",queueManagerName="TSTQPD01",queueName="IIB.FLOWSTATS",queueType="Local",type="seconds",usage="Normal",} 0.0
mq:oldestMsgAge{cluster="",queueManagerName="TSTQPD01",queueName="IIB.FLOWSTATS.ARCH",queueType="Local",type="seconds",usage="Normal",} 0.0
mq:oldestMsgAge{cluster="",queueManagerName="TSTQPD01",queueName="IIB.FLOWSTATS.SNAP.0001",queueType="Local",type="seconds",usage="Normal",} 0.0
mq:oldestMsgAge{cluster="",queueManagerName="TSTQPD01",queueName="IIB.METRICS",queueType="Local",type="seconds",usage="Normal",} 0.0
mq:oldestMsgAge{cluster="",queueManagerName="TSTQPD01",queueName="IIB.METRICS.EGMQ",queueType="Local",type="seconds",usage="Normal",} 0.0
mq:oldestMsgAge{cluster="",queueManagerName="TSTQPD01",queueName="IIB.MONITORING.EVENTS",queueType="Local",type="seconds",usage="Normal",} 0.0
mq:oldestMsgAge{cluster="",queueManagerName="TSTQPD01",queueName="IIB.SNAPSHOT.STATS",queueType="Local",type="seconds",usage="Normal",} 0.0
mq:oldestMsgAge{cluster="",queueManagerName="TSTQPD01",queueName="IIB.STATEQ",queueType="Local",type="seconds",usage="Normal",} 0.0
mq:oldestMsgAge{cluster="",queueManagerName="TSTQPD01",queueName="IIB.STATS",queueType="Local",type="seconds",usage="Normal",} 0.0
mq:oldestMsgAge{cluster="",queueManagerName="TSTQPD01",queueName="IIB.STATS.0001",queueType="Local",type="seconds",usage="Normal",} 0.0
mq:oldestMsgAge{cluster="",queueManagerName="TSTQPD01",queueName="JSON.STREAM.IN",queueType="Local",type="seconds",usage="Normal",} 0.0
mq:oldestMsgAge{cluster="",queueManagerName="TSTQPD01",queueName="JUSTIN",queueType="Local",type="seconds",usage="Normal",} 0.0
mq:oldestMsgAge{cluster="",queueManagerName="TSTQPD01",queueName="KAFKA.GLEO.EVENT",queueType="Local",type="seconds",usage="Normal",} 0.0
mq:oldestMsgAge{cluster="",queueManagerName="TSTQPD01",queueName="KAFKA.IN",queueType="Local",type="seconds",usage="Normal",} 0.0
mq:oldestMsgAge{cluster="",queueManagerName="TSTQPD01",queueName="KAFKA.MJM",queueType="Local",type="seconds",usage="Normal",} 0.0
mq:oldestMsgAge{cluster="",queueManagerName="TSTQPD01",queueName="KAFKA.RESPONSE",queueType="Local",type="seconds",usage="Normal",} 0.0
mq:oldestMsgAge{cluster="",queueManagerName="TSTQPD01",queueName="KAFKA.SEND.EVENTS",queueType="Local",type="seconds",usage="Normal",} 0.0
mq:oldestMsgAge{cluster="",queueManagerName="TSTQPD01",queueName="KAFKA.SUCCESS.EVENTS",queueType="Local",type="seconds",usage="Normal",} 0.0
mq:oldestMsgAge{cluster="",queueManagerName="TSTQPD01",queueName="KAFKA.TEST.IN",queueType="Local",type="seconds",usage="Normal",} 0.0
mq:oldestMsgAge{cluster="",queueManagerName="TSTQPD01",queueName="KAFKA.TEST.REQ",queueType="Local",type="seconds",usage="Normal",} 0.0
mq:oldestMsgAge{cluster="",queueManagerName="TSTQPD01",queueName="MJM.IN",queueType="Local",type="seconds",usage="Normal",} 0.0
mq:oldestMsgAge{cluster="",queueManagerName="TSTQPD01",queueName="MJM.OUT",queueType="Local",type="seconds",usage="Normal",} 0.0
mq:oldestMsgAge{cluster="",queueManagerName="TSTQPD01",queueName="MJM.TEST",queueType="Local",type="seconds",usage="Normal",} 0.0
mq:oldestMsgAge{cluster="",queueManagerName="TSTQPD01",queueName="MQIPT",queueType="Local",type="seconds",usage="Normal",} 0.0
mq:oldestMsgAge{cluster="",queueManagerName="TSTQPD01",queueName="PERSISTANT.EXAMPLE",queueType="Local",type="seconds",usage="Normal",} 0.0
mq:oldestMsgAge{cluster="",queueManagerName="TSTQPD01",queueName="PUBSUB.TEST",queueType="Local",type="seconds",usage="Normal",} 0.0
mq:oldestMsgAge{cluster="",queueManagerName="TSTQPD01",queueName="SERVICE.ERROR",queueType="Local",type="seconds",usage="Normal",} 0.0
mq:oldestMsgAge{cluster="",queueManagerName="TSTQPD01",queueName="SERVICEA.DESTA",queueType="Local",type="seconds",usage="Normal",} 0.0
mq:oldestMsgAge{cluster="",queueManagerName="TSTQPD01",queueName="SERVICEA.DESTB",queueType="Local",type="seconds",usage="Normal",} 0.0
mq:oldestMsgAge{cluster="",queueManagerName="TSTQPD01",queueName="SERVICEA.DESTC",queueType="Local",type="seconds",usage="Normal",} 0.0
mq:oldestMsgAge{cluster="",queueManagerName="TSTQPD01",queueName="SERVICEA.DIST",queueType="Local",type="seconds",usage="Normal",} 0.0
mq:oldestMsgAge{cluster="",queueManagerName="TSTQPD01",queueName="SERVICEA.ERROR",queueType="Local",type="seconds",usage="Normal",} 0.0
mq:oldestMsgAge{cluster="",queueManagerName="TSTQPD01",queueName="SERVICEA.QMAP01",queueType="Local",type="seconds",usage="Normal",} 0.0
mq:oldestMsgAge{cluster="",queueManagerName="TSTQPD01",queueName="SERVICEA.QMAP02",queueType="Local",type="seconds",usage="Normal",} 0.0
mq:oldestMsgAge{cluster="",queueManagerName="TSTQPD01",queueName="TEST_QUEUE3",queueType="Local",type="seconds",usage="Normal",} 0.0
mq:oldestMsgAge{cluster="",queueManagerName="TSTQPD01",queueName="TSTQPD01_Q1",queueType="Local",type="seconds",usage="Normal",} 0.0
mq:oldestMsgAge{cluster="",queueManagerName="TSTQPD01",queueName="TSTQPD02.XMITQ",queueType="Local",type="seconds",usage="Transmission",} 0.0
# HELP tomcat_sessions_created_total  
# TYPE tomcat_sessions_created_total counter
tomcat_sessions_created_total 0.0
# HELP system_cpu_count The number of processors available to the Java virtual machine
# TYPE system_cpu_count gauge
system_cpu_count 4.0
# HELP mq:lastPutDateTime  
# TYPE mq:lastPutDateTime gauge
mq:lastPutDateTime{cluster="",queueManagerName="TSTQPD01",queueName="IIB.METRICS",queueType="Local",type="timestamp",usage="Normal",} 1.564936261E9
mq:lastPutDateTime{cluster="",queueManagerName="TSTQPD01",queueName="IIB.METRICS.EGMQ",queueType="Local",type="timestamp",usage="Normal",} 1.564936261E9
# HELP mq:commandServerStatus  
# TYPE mq:commandServerStatus gauge
mq:commandServerStatus{queueManagerName="TSTQPD01",} 2.0
# HELP jvm_threads_live The current number of live threads including both daemon and non-daemon threads
# TYPE jvm_threads_live gauge
jvm_threads_live 36.0
# HELP spring_integration_handlers The number of message handlers
# TYPE spring_integration_handlers gauge
spring_integration_handlers 1.0
# HELP mq:bytesReceived  
# TYPE mq:bytesReceived gauge
mq:bytesReceived{channelName="KAFKA.SVRCONN",channelType="ServerConn",cluster="",queueManagerName="TSTQPD01",} 0.0
mq:bytesReceived{channelName="MQ.MONITOR.SSL",channelType="ServerConn",cluster="",queueManagerName="TSTQPD01",} 2.32418468E8
mq:bytesReceived{channelName="MQ.MONITOR.SVRCONN",channelType="ServerConn",cluster="",queueManagerName="TSTQPD01",} 0.0
mq:bytesReceived{channelName="MQ.TEST.SVRCONN",channelType="ServerConn",cluster="",queueManagerName="TSTQPD01",} 0.0
mq:bytesReceived{channelName="TO.TSTQPD01",channelType="Receiver",cluster="",queueManagerName="TSTQPD01",} 0.0
mq:bytesReceived{channelName="TO.TSTQPD02",channelType="Sender",cluster="",queueManagerName="TSTQPD01",} 0.0
mq:bytesReceived{channelName="X",channelType="ServerConn",cluster="",queueManagerName="TSTQPD01",} 0.0
mq:bytesReceived{channelName="APP01.DEMOA.SVRCONN",channelType="ClientConn",cluster="",queueManagerName="TSTQPD01",} 0.0
mq:bytesReceived{channelName="APP01.REPLY.SVRCONN",channelType="ClientConn",cluster="",queueManagerName="TSTQPD01",} 0.0
mq:bytesReceived{channelName="APP02.DEMOA.SVRCONN",channelType="ClientConn",cluster="",queueManagerName="TSTQPD01",} 0.0
mq:bytesReceived{channelName="APP02.DEMOB.SVRCONN",channelType="ClientConn",cluster="",queueManagerName="TSTQPD01",} 0.0
# HELP jvm_gc_memory_allocated_bytes_total Incremented for an increase in the size of the young generation memory pool after one GC to before the next
# TYPE jvm_gc_memory_allocated_bytes_total counter
jvm_gc_memory_allocated_bytes_total 7090952.0
# HELP logback_events_total Number of error level events that made it to the logs
# TYPE logback_events_total counter
logback_events_total{level="error",} 0.0
logback_events_total{level="warn",} 0.0
logback_events_total{level="info",} 30.0
logback_events_total{level="debug",} 0.0
logback_events_total{level="trace",} 0.0
# HELP tomcat_sessions_alive_max_seconds  
# TYPE tomcat_sessions_alive_max_seconds gauge
tomcat_sessions_alive_max_seconds 0.0
# HELP jvm_threads_peak The peak live thread count since the Java virtual machine started or peak was reset
# TYPE jvm_threads_peak gauge
jvm_threads_peak 36.0
# HELP jvm_gc_pause_seconds Time spent in GC pause
# TYPE jvm_gc_pause_seconds summary
jvm_gc_pause_seconds_count{action="end of minor GC",cause="G1 Evacuation Pause",} 4.0
jvm_gc_pause_seconds_sum{action="end of minor GC",cause="G1 Evacuation Pause",} 0.077
jvm_gc_pause_seconds_count{action="end of minor GC",cause="Metadata GC Threshold",} 1.0
jvm_gc_pause_seconds_sum{action="end of minor GC",cause="Metadata GC Threshold",} 0.02
# HELP jvm_gc_pause_seconds_max Time spent in GC pause
# TYPE jvm_gc_pause_seconds_max gauge
jvm_gc_pause_seconds_max{action="end of minor GC",cause="G1 Evacuation Pause",} 0.023
jvm_gc_pause_seconds_max{action="end of minor GC",cause="Metadata GC Threshold",} 0.02
# HELP mq:queueManagerStatus  
# TYPE mq:queueManagerStatus gauge
mq:queueManagerStatus{cluster="",queueManagerName="TSTQPD01",} 2.0
# HELP mq:listenerStatus  
# TYPE mq:listenerStatus gauge
mq:listenerStatus{listenerName="LISTENER.TCP",port="1414",queueManagerName="TSTQPD01",type="2",} 2.0
# HELP jvm_gc_live_data_size_bytes Size of old generation memory pool after a full GC
# TYPE jvm_gc_live_data_size_bytes gauge
jvm_gc_live_data_size_bytes 0.0
# HELP tomcat_cache_hit_total  
# TYPE tomcat_cache_hit_total counter
tomcat_cache_hit_total 0.0
